<?xml version="1.0" encoding="UTF-8"?>
<Site BuildName="(empty)"
	BuildStamp="20260402-2259-Experimental"
	Name="(empty)"
	Generator="ctest-4.3.0"
	CompilerName=""
	CompilerVersion=""
	OSName="macOS"
	Hostname="mac-wenjian.local"
	OSRelease="26.4"
	OSVersion="25E246"
	OSPlatform="arm64"
	Is64Bits="1"
	VendorString="Apple"
	VendorID="Apple"
	FamilyID="0"
	ModelID="0"
	ModelName="Apple M2"
	ProcessorCacheSize="131072"
	NumberOfLogicalCPU="8"
	NumberOfPhysicalCPU="8"
	TotalVirtualMemory="1024"
	TotalPhysicalMemory="16384"
	LogicalProcessorsPerPhysical="8"
	ProcessorClockFrequency="0.000000"
	>
	<Testing>
		<StartDateTime>Apr 03 06:59 CST</StartDateTime>
		<StartTestTime>1775170786</StartTestTime>
		<TestList/>
		<EndDateTime>Apr 03 06:59 CST</EndDateTime>
		<EndTestTime>1775170786</EndTestTime>
		<ElapsedMinutes>0</ElapsedMinutes>
	</Testing>
</Site>
